Determining if the pthread_create exist failed with the following output:
Change Dir: /home/jay/Projects/MDCFS/build/CMakeFiles/CMakeTmp

Run Build Command:"/usr/bin/make" "cmTC_61a86/fast"
/usr/bin/make -f CMakeFiles/cmTC_61a86.dir/build.make CMakeFiles/cmTC_61a86.dir/build
make[1]: Entering directory '/home/jay/Projects/MDCFS/build/CMakeFiles/CMakeTmp'
Building C object CMakeFiles/cmTC_61a86.dir/CheckSymbolExists.c.o
/usr/bin/cc    -o CMakeFiles/cmTC_61a86.dir/CheckSymbolExists.c.o   -c /home/jay/Projects/MDCFS/build/CMakeFiles/CMakeTmp/CheckSymbolExists.c
Linking C executable cmTC_61a86
/usr/local/bin/cmake -E cmake_link_script CMakeFiles/cmTC_61a86.dir/link.txt --verbose=1
/usr/bin/cc      -rdynamic CMakeFiles/cmTC_61a86.dir/CheckSymbolExists.c.o  -o cmTC_61a86 
CMakeFiles/cmTC_61a86.dir/CheckSymbolExists.c.o: In function `main':
CheckSymbolExists.c:(.text+0x16): undefined reference to `pthread_create'
collect2: error: ld returned 1 exit status
CMakeFiles/cmTC_61a86.dir/build.make:86: recipe for target 'cmTC_61a86' failed
make[1]: *** [cmTC_61a86] Error 1
make[1]: Leaving directory '/home/jay/Projects/MDCFS/build/CMakeFiles/CMakeTmp'
Makefile:121: recipe for target 'cmTC_61a86/fast' failed
make: *** [cmTC_61a86/fast] Error 2

File /home/jay/Projects/MDCFS/build/CMakeFiles/CMakeTmp/CheckSymbolExists.c:
/* */
#include <pthread.h>

int main(int argc, char** argv)
{
  (void)argv;
#ifndef pthread_create
  return ((int*)(&pthread_create))[argc];
#else
  (void)argc;
  return 0;
#endif
}

Determining if the function pthread_create exists in the pthreads failed with the following output:
Change Dir: /home/jay/Projects/MDCFS/build/CMakeFiles/CMakeTmp

Run Build Command:"/usr/bin/make" "cmTC_b3f47/fast"
/usr/bin/make -f CMakeFiles/cmTC_b3f47.dir/build.make CMakeFiles/cmTC_b3f47.dir/build
make[1]: Entering directory '/home/jay/Projects/MDCFS/build/CMakeFiles/CMakeTmp'
Building C object CMakeFiles/cmTC_b3f47.dir/CheckFunctionExists.c.o
/usr/bin/cc   -DCHECK_FUNCTION_EXISTS=pthread_create   -o CMakeFiles/cmTC_b3f47.dir/CheckFunctionExists.c.o   -c /usr/local/share/cmake-3.12/Modules/CheckFunctionExists.c
Linking C executable cmTC_b3f47
/usr/local/bin/cmake -E cmake_link_script CMakeFiles/cmTC_b3f47.dir/link.txt --verbose=1
/usr/bin/cc  -DCHECK_FUNCTION_EXISTS=pthread_create    -rdynamic CMakeFiles/cmTC_b3f47.dir/CheckFunctionExists.c.o  -o cmTC_b3f47 -lpthreads 
/usr/bin/ld: cannot find -lpthreads
collect2: error: ld returned 1 exit status
CMakeFiles/cmTC_b3f47.dir/build.make:86: recipe for target 'cmTC_b3f47' failed
make[1]: *** [cmTC_b3f47] Error 1
make[1]: Leaving directory '/home/jay/Projects/MDCFS/build/CMakeFiles/CMakeTmp'
Makefile:121: recipe for target 'cmTC_b3f47/fast' failed
make: *** [cmTC_b3f47/fast] Error 2


